1767128778290	geckodriver	INFO	Listening on 127.0.0.1:63645
1767128781369	mozrunner::runner	INFO	Running command: "C:\\Program Files\\Mozilla Firefox\\firefox.exe" "--marionette" "--remote-debugging-port" "63646" "--remote-allow-hosts" "localhost" "-no-remote" "-profile" "C:\\Users\\Mile-\\AppData\\Local\\Temp\\rust_mozprofileR7gZt2"
console.warn: services.settings: Ignoring preference override of remote settings server
console.warn: services.settings: Allow by setting MOZ_REMOTE_SETTINGS_DEVTOOLS=1 in the environment
Dynamically enable window occlusion 0
1767128781831	Marionette	INFO	Marionette enabled
1767128781962	Marionette	INFO	Listening on port 56413
Read port: 56413
WebDriver BiDi listening on ws://127.0.0.1:63646
1767128782338	RemoteAgent	WARN	TLS certificate errors will be ignored for this session
console.warn: LoginRecipes: "Falling back to a synchronous message for: https://front.serverest.dev."
console.error: [Exception... "Favicon at "https://front.serverest.dev/serveresticon.png" is too large."  nsresult: "0x80004005 (NS_ERROR_FAILURE)"  location: "JS frame :: resource:///modules/FaviconLoader.sys.mjs :: onStopRequest :: line 315"  data: no]
console.warn: LoginRecipes: "Falling back to a synchronous message for: https://front.serverest.dev."
1767128788439	Marionette	INFO	Stopped listening on port 56413
Dynamically enable window occlusion 1
console.error: "Failed to fetch https://spocs.getpocket.com/user:" "NetworkError when attempting to fetch resource."
console.error: (new TypeError("NetworkError when attempting to fetch resource.", ""))
console.error: (new Error("OHTTP was configured for https://ads.mozilla.org/v1/delete_user but we couldn't fetch a valid config", "moz-src:///browser/modules/ContextId.sys.mjs", 234))
console.warn: TopSitesFeed: Failed to fetch data from MARS server: NetworkError when attempting to fetch resource.
JavaScript error: resource://gre/modules/ObliviousHTTP.sys.mjs, line 117: NS_ERROR_XPC_CANT_CONVERT_PRIMITIVE_TO_ARRAY: Cannot convert primitive JavaScript value into an array arg 2 [nsIObliviousHttpService.newChannel]
